============================= test session starts =============================
platform win32 -- Python 3.14.7, pytest-9.1.1, pluggy-1.6.0 -- C:\Users\jrohi\OneDrive\Desktop\My INFORETRIVAL_ASSIGNMENT_Claude\IR_COURSEWORK\.venv\Scripts\python.exe
cachedir: .pytest_cache
rootdir: C:\Users\jrohi\OneDrive\Desktop\My INFORETRIVAL_ASSIGNMENT_Claude\IR_COURSEWORK\task2_document_clustering\backend
collecting ... collected 21 items

tests/test_api.py::test_classify_economics_example_from_brief PASSED     [  4%]
tests/test_api.py::test_classify_entertainment_example PASSED            [  9%]
tests/test_api.py::test_classify_empty_input_returns_400 PASSED          [ 14%]
tests/test_api.py::test_classify_missing_field_returns_400 PASSED        [ 19%]
tests/test_api.py::test_classify_invalid_json_body_returns_400 PASSED    [ 23%]
tests/test_api.py::test_classify_long_input_is_accepted PASSED           [ 28%]
tests/test_api.py::test_classify_over_max_length_returns_400 PASSED      [ 33%]
tests/test_api.py::test_dataset_stats_endpoint PASSED                    [ 38%]
tests/test_api.py::test_model_evaluation_endpoint PASSED                 [ 42%]
tests/test_api.py::test_predictions_history_endpoint PASSED              [ 47%]
tests/test_dataset_validation.py::test_validation_report_file_exists_and_passes PASSED [ 52%]
tests/test_dataset_validation.py::test_mongodb_has_at_least_minimum_documents_per_category PASSED [ 57%]
tests/test_dataset_validation.py::test_total_documents_meets_overall_minimum PASSED [ 61%]
tests/test_kmeans_model.py::test_train_produces_three_clusters_and_full_mapping PASSED [ 66%]
tests/test_kmeans_model.py::test_train_evaluation_reports_required_metrics PASSED [ 71%]
tests/test_kmeans_model.py::test_classify_uses_persisted_model_without_retraining PASSED [ 76%]
tests/test_kmeans_model.py::test_empty_and_whitespace_text_still_produce_a_prediction PASSED [ 80%]
tests/test_preprocessing.py::test_pipeline_lowercases_removes_punctuation_and_stopwords PASSED [ 85%]
tests/test_preprocessing.py::test_stemming_collapses_related_word_forms PASSED [ 90%]
tests/test_preprocessing.py::test_empty_input_returns_empty_string PASSED [ 95%]
tests/test_preprocessing.py::test_long_input_is_processed_without_error PASSED [100%]

============================== warnings summary ===============================
tests/test_api.py::test_classify_economics_example_from_brief
tests/test_api.py::test_classify_economics_example_from_brief
tests/test_api.py::test_classify_economics_example_from_brief
tests/test_kmeans_model.py::test_classify_uses_persisted_model_without_retraining
tests/test_kmeans_model.py::test_classify_uses_persisted_model_without_retraining
tests/test_kmeans_model.py::test_classify_uses_persisted_model_without_retraining
tests/test_kmeans_model.py::test_empty_and_whitespace_text_still_produce_a_prediction
tests/test_kmeans_model.py::test_empty_and_whitespace_text_still_produce_a_prediction
tests/test_kmeans_model.py::test_empty_and_whitespace_text_still_produce_a_prediction
  C:\Users\jrohi\OneDrive\Desktop\My INFORETRIVAL_ASSIGNMENT_Claude\IR_COURSEWORK\.venv\Lib\site-packages\joblib\numpy_pickle.py:207: DeprecationWarning: Setting the shape on a NumPy array has been deprecated in NumPy 2.5.
  As an alternative, you can create a new view using np.reshape (with copy=False if needed).
    array.shape = self.shape

-- Docs: https://docs.pytest.org/en/stable/how-to/capture-warnings.html
======================= 21 passed, 9 warnings in 17.66s =======================
